# JRE version: OpenJDK Runtime Environment Microsoft-11369865 (17.0.15+6) (build 17.0.15+6-LTS)
# Java VM: OpenJDK 64-Bit Server VM Microsoft-11369865 (17.0.15+6-LTS, mixed mode, sharing, tiered, compressed oops, compressed class ptrs, g1 gc, windows-amd64)
GC Precious Log:
 CPUs: 4 total, 4 available
 Memory: 3876M
 Large Page Support: Disabled
 NUMA Support: Disabled
 Compressed Oops: Enabled (32-bit)
 Heap Region Size: 1M
 Heap Min Capacity: 256M
 Heap Initial Capacity: 256M
 Heap Max Capacity: 512M
 Pre-touch: Disabled
 Parallel Workers: 4
 Concurrent Workers: 1
 Concurrent Refinement Workers: 4
 Periodic GC: Disabled
Heap:
 garbage-first heap   total 262144K, used 58967K [0x00000000e0000000, 0x0000000100000000)
  region size 1024K, 25 young (25600K), 1 survivors (1024K)
 Metaspace       used 47405K, committed 47936K, reserved 393216K
  class space    used 6648K, committed 6912K, reserved 327680K
GC Heap History (20 events):
Event: 112.752 GC heap before
{Heap before GC invocations=5 (full 0):
 garbage-first heap   total 262144K, used 107659K [0x00000000e0000000, 0x0000000100000000)
  region size 1024K, 85 young (87040K), 3 survivors (3072K)
 Metaspace       used 31553K, committed 32000K, reserved 393216K
  class space    used 4444K, committed 4608K, reserved 327680K
}
Event: 114.934 GC heap after
{Heap after GC invocations=6 (full 0):
 garbage-first heap   total 262144K, used 30049K [0x00000000e0000000, 0x0000000100000000)
  region size 1024K, 8 young (8192K), 8 survivors (8192K)
 Metaspace       used 31553K, committed 32000K, reserved 393216K
  class space    used 4444K, committed 4608K, reserved 327680K
}
Event: 118.046 GC heap before
{Heap before GC invocations=6 (full 0):
 garbage-first heap   total 262144K, used 33121K [0x00000000e0000000, 0x0000000100000000)
  region size 1024K, 12 young (12288K), 8 survivors (8192K)
 Metaspace       used 31870K, committed 32256K, reserved 393216K
  class space    used 4486K, committed 4672K, reserved 327680K
}
Event: 118.075 GC heap after
{Heap after GC invocations=7 (full 0):
 garbage-first heap   total 262144K, used 30015K [0x00000000e0000000, 0x0000000100000000)
  region size 1024K, 1 young (1024K), 1 survivors (1024K)
 Metaspace       used 31870K, committed 32256K, reserved 393216K
  class space    used 4486K, committed 4672K, reserved 327680K
}
Event: 129.304 GC heap before
{Heap before GC invocations=7 (full 0):
 garbage-first heap   total 262144K, used 46399K [0x00000000e0000000, 0x0000000100000000)
  region size 1024K, 12 young (12288K), 1 survivors (1024K)
 Metaspace       used 33592K, committed 33984K, reserved 393216K
  class space    used 4618K, committed 4800K, reserved 327680K
}
Event: 129.317 GC heap after
{Heap after GC invocations=8 (full 0):
 garbage-first heap   total 262144K, used 30393K [0x00000000e0000000, 0x0000000100000000)
  region size 1024K, 2 young (2048K), 2 survivors (2048K)
 Metaspace       used 33592K, committed 33984K, reserved 393216K
  class space    used 4618K, committed 4800K, reserved 327680K
}
Event: 133.661 GC heap before
{Heap before GC invocations=8 (full 0):
 garbage-first heap   total 262144K, used 40633K [0x00000000e0000000, 0x0000000100000000)
  region size 1024K, 12 young (12288K), 2 survivors (2048K)
 Metaspace       used 34688K, committed 35136K, reserved 393216K
  class space    used 4791K, committed 4992K, reserved 327680K
}
Event: 133.736 GC heap after
{Heap after GC invocations=9 (full 0):
 garbage-first heap   total 262144K, used 30836K [0x00000000e0000000, 0x0000000100000000)
  region size 1024K, 2 young (2048K), 2 survivors (2048K)
 Metaspace       used 34688K, committed 35136K, reserved 393216K
  class space    used 4791K, committed 4992K, reserved 327680K
}
Event: 138.568 GC heap before
{Heap before GC invocations=9 (full 0):
 garbage-first heap   total 262144K, used 39028K [0x00000000e0000000, 0x0000000100000000)
  region size 1024K, 11 young (11264K), 2 survivors (2048K)
 Metaspace       used 35582K, committed 35968K, reserved 393216K
  class space    used 4927K, committed 5120K, reserved 327680K
}
Event: 138.594 GC heap after
{Heap after GC invocations=10 (full 0):
 garbage-first heap   total 262144K, used 31400K [0x00000000e0000000, 0x0000000100000000)
  region size 1024K, 1 young (1024K), 1 survivors (1024K)
 Metaspace       used 35582K, committed 35968K, reserved 393216K
  class space    used 4927K, committed 5120K, reserved 327680K
}
Event: 143.390 GC heap before
{Heap before GC invocations=11 (full 0):
 garbage-first heap   total 262144K, used 43688K [0x00000000e0000000, 0x0000000100000000)
  region size 1024K, 13 young (13312K), 1 survivors (1024K)
 Metaspace       used 37057K, committed 37568K, reserved 393216K
  class space    used 5172K, committed 5376K, reserved 327680K
}
Event: 143.423 GC heap after
{Heap after GC invocations=12 (full 0):
 garbage-first heap   total 262144K, used 31941K [0x00000000e0000000, 0x0000000100000000)
  region size 1024K, 2 young (2048K), 2 survivors (2048K)
 Metaspace       used 37057K, committed 37568K, reserved 393216K
  class space    used 5172K, committed 5376K, reserved 327680K
}
Event: 150.774 GC heap before
{Heap before GC invocations=12 (full 0):
 garbage-first heap   total 262144K, used 49349K [0x00000000e0000000, 0x0000000100000000)
  region size 1024K, 19 young (19456K), 2 survivors (2048K)
 Metaspace       used 38942K, committed 39424K, reserved 393216K
  class space    used 5471K, committed 5696K, reserved 327680K
}
Event: 150.851 GC heap after
{Heap after GC invocations=13 (full 0):
 garbage-first heap   total 262144K, used 32695K [0x00000000e0000000, 0x0000000100000000)
  region size 1024K, 3 young (3072K), 3 survivors (3072K)
 Metaspace       used 38942K, committed 39424K, reserved 393216K
  class space    used 5471K, committed 5696K, reserved 327680K
}
Event: 160.810 GC heap before
{Heap before GC invocations=13 (full 0):
 garbage-first heap   total 262144K, used 46007K [0x00000000e0000000, 0x0000000100000000)
  region size 1024K, 16 young (16384K), 3 survivors (3072K)
 Metaspace       used 40335K, committed 40832K, reserved 393216K
  class space    used 5702K, committed 5888K, reserved 327680K
}
Event: 160.824 GC heap after
{Heap after GC invocations=14 (full 0):
 garbage-first heap   total 262144K, used 33418K [0x00000000e0000000, 0x0000000100000000)
  region size 1024K, 2 young (2048K), 2 survivors (2048K)
 Metaspace       used 40335K, committed 40832K, reserved 393216K
  class space    used 5702K, committed 5888K, reserved 327680K
}
Event: 202.842 GC heap before
{Heap before GC invocations=14 (full 0):
 garbage-first heap   total 262144K, used 85642K [0x00000000e0000000, 0x0000000100000000)
  region size 1024K, 52 young (53248K), 2 survivors (2048K)
 Metaspace       used 45655K, committed 46272K, reserved 393216K
  class space    used 6438K, committed 6720K, reserved 327680K
}
Event: 203.016 GC heap after
{Heap after GC invocations=15 (full 0):
 garbage-first heap   total 262144K, used 35958K [0x00000000e0000000, 0x0000000100000000)
  region size 1024K, 5 young (5120K), 5 survivors (5120K)
 Metaspace       used 45655K, committed 46272K, reserved 393216K
  class space    used 6438K, committed 6720K, reserved 327680K
}
Event: 205.975 GC heap before
{Heap before GC invocations=15 (full 0):
 garbage-first heap   total 262144K, used 42102K [0x00000000e0000000, 0x0000000100000000)
  region size 1024K, 12 young (12288K), 5 survivors (5120K)
 Metaspace       used 46464K, committed 47040K, reserved 393216K
  class space    used 6557K, committed 6848K, reserved 327680K
}
Event: 206.015 GC heap after
{Heap after GC invocations=16 (full 0):
 garbage-first heap   total 262144K, used 36439K [0x00000000e0000000, 0x0000000100000000)
  region size 1024K, 1 young (1024K), 1 survivors (1024K)
 Metaspace       used 46464K, committed 47040K, reserved 393216K
  class space    used 6557K, committed 6848K, reserved 327680K
}

